<?xml version="1.0" encoding="UTF-8"?><testsuite errors="1" failures="0" name="Verify facebook login functionality" skipped="0" tests="1" time="0.23" timestamp="2020-01-25 07:03:17"><testcase name="login to facebook with valid credential"><error message="Unsupported driver type: DEFAULT VALUE" type="java.lang.IllegalArgumentException">Unsupported driver type: DEFAULT VALUE</error><system-err>Unsupported driver type: DEFAULT VALUE&#13;
cucumber.runner.Runner.runPickle(Runner.java:80)&#13;
</system-err></testcase></testsuite>